Started GET "/" for ::1 at 2016-09-09 01:33:25 -0400
Processing by Rails::WelcomeController#index as HTML
  Parameters: {"internal"=>true}
  Rendering /Users/apple1/.rvm/gems/ruby-2.3.0/gems/railties-5.0.0.1/lib/rails/templates/rails/welcome/index.html.erb
  Rendered /Users/apple1/.rvm/gems/ruby-2.3.0/gems/railties-5.0.0.1/lib/rails/templates/rails/welcome/index.html.erb (3.9ms)
Completed 200 OK in 20ms (Views: 9.4ms | ActiveRecord: 0.0ms)


Started GET "/howru" for ::1 at 2016-09-09 10:29:50 -0400
  
ActionController::RoutingError (No route matches [GET] "/howru"):
  
actionpack (5.0.0.1) lib/action_dispatch/middleware/debug_exceptions.rb:53:in `call'
web-console (3.1.1) lib/web_console/middleware.rb:131:in `call_app'
web-console (3.1.1) lib/web_console/middleware.rb:28:in `block in call'
web-console (3.1.1) lib/web_console/middleware.rb:18:in `catch'
web-console (3.1.1) lib/web_console/middleware.rb:18:in `call'
actionpack (5.0.0.1) lib/action_dispatch/middleware/show_exceptions.rb:31:in `call'
railties (5.0.0.1) lib/rails/rack/logger.rb:36:in `call_app'
railties (5.0.0.1) lib/rails/rack/logger.rb:24:in `block in call'
activesupport (5.0.0.1) lib/active_support/tagged_logging.rb:70:in `block in tagged'
activesupport (5.0.0.1) lib/active_support/tagged_logging.rb:26:in `tagged'
activesupport (5.0.0.1) lib/active_support/tagged_logging.rb:70:in `tagged'
railties (5.0.0.1) lib/rails/rack/logger.rb:24:in `call'
sprockets-rails (3.2.0) lib/sprockets/rails/quiet_assets.rb:13:in `call'
actionpack (5.0.0.1) lib/action_dispatch/middleware/request_id.rb:24:in `call'
rack (2.0.1) lib/rack/method_override.rb:22:in `call'
rack (2.0.1) lib/rack/runtime.rb:22:in `call'
activesupport (5.0.0.1) lib/active_support/cache/strategy/local_cache_middleware.rb:28:in `call'
actionpack (5.0.0.1) lib/action_dispatch/middleware/executor.rb:12:in `call'
actionpack (5.0.0.1) lib/action_dispatch/middleware/static.rb:136:in `call'
rack (2.0.1) lib/rack/sendfile.rb:111:in `call'
railties (5.0.0.1) lib/rails/engine.rb:522:in `call'
puma (3.4.0) lib/puma/configuration.rb:224:in `call'
puma (3.4.0) lib/puma/server.rb:569:in `handle_request'
puma (3.4.0) lib/puma/server.rb:406:in `process_client'
puma (3.4.0) lib/puma/server.rb:271:in `block in run'
puma (3.4.0) lib/puma/thread_pool.rb:114:in `block in spawn_thread'
  Rendering /Users/apple1/.rvm/gems/ruby-2.3.0/gems/actionpack-5.0.0.1/lib/action_dispatch/middleware/templates/rescues/routing_error.html.erb within rescues/layout
  Rendering /Users/apple1/.rvm/gems/ruby-2.3.0/gems/actionpack-5.0.0.1/lib/action_dispatch/middleware/templates/rescues/_trace.html.erb
  Rendered /Users/apple1/.rvm/gems/ruby-2.3.0/gems/actionpack-5.0.0.1/lib/action_dispatch/middleware/templates/rescues/_trace.html.erb (1.9ms)
  Rendered collection of /Users/apple1/.rvm/gems/ruby-2.3.0/gems/actionpack-5.0.0.1/lib/action_dispatch/middleware/templates/routes/_route.html.erb [1 times] (12.5ms)
  Rendered /Users/apple1/.rvm/gems/ruby-2.3.0/gems/actionpack-5.0.0.1/lib/action_dispatch/middleware/templates/routes/_table.html.erb (12.9ms)
  Rendering /Users/apple1/.rvm/gems/ruby-2.3.0/gems/actionpack-5.0.0.1/lib/action_dispatch/middleware/templates/rescues/_request_and_response.html.erb
  Rendered /Users/apple1/.rvm/gems/ruby-2.3.0/gems/actionpack-5.0.0.1/lib/action_dispatch/middleware/templates/rescues/_request_and_response.html.erb (1.3ms)
  Rendered /Users/apple1/.rvm/gems/ruby-2.3.0/gems/actionpack-5.0.0.1/lib/action_dispatch/middleware/templates/rescues/routing_error.html.erb within rescues/layout (157.7ms)
  Rendering /Users/apple1/.rvm/gems/ruby-2.3.0/gems/web-console-3.1.1/lib/web_console/templates/index.html.erb
  Rendered /Users/apple1/.rvm/gems/ruby-2.3.0/gems/web-console-3.1.1/lib/web_console/templates/_markup.html.erb (0.5ms)
  Rendering /Users/apple1/.rvm/gems/ruby-2.3.0/gems/web-console-3.1.1/lib/web_console/templates/console.js.erb within layouts/javascript
  Rendering /Users/apple1/.rvm/gems/ruby-2.3.0/gems/web-console-3.1.1/lib/web_console/templates/_inner_console_markup.html.erb within layouts/inlined_string
  Rendered /Users/apple1/.rvm/gems/ruby-2.3.0/gems/web-console-3.1.1/lib/web_console/templates/_inner_console_markup.html.erb within layouts/inlined_string (0.5ms)
  Rendering /Users/apple1/.rvm/gems/ruby-2.3.0/gems/web-console-3.1.1/lib/web_console/templates/_prompt_box_markup.html.erb within layouts/inlined_string
  Rendered /Users/apple1/.rvm/gems/ruby-2.3.0/gems/web-console-3.1.1/lib/web_console/templates/_prompt_box_markup.html.erb within layouts/inlined_string (0.4ms)
  Rendering /Users/apple1/.rvm/gems/ruby-2.3.0/gems/web-console-3.1.1/lib/web_console/templates/style.css.erb within layouts/inlined_string
  Rendered /Users/apple1/.rvm/gems/ruby-2.3.0/gems/web-console-3.1.1/lib/web_console/templates/style.css.erb within layouts/inlined_string (0.4ms)
  Rendered /Users/apple1/.rvm/gems/ruby-2.3.0/gems/web-console-3.1.1/lib/web_console/templates/console.js.erb within layouts/javascript (81.1ms)
  Rendering /Users/apple1/.rvm/gems/ruby-2.3.0/gems/web-console-3.1.1/lib/web_console/templates/main.js.erb within layouts/javascript
  Rendered /Users/apple1/.rvm/gems/ruby-2.3.0/gems/web-console-3.1.1/lib/web_console/templates/main.js.erb within layouts/javascript (0.4ms)
  Rendered /Users/apple1/.rvm/gems/ruby-2.3.0/gems/web-console-3.1.1/lib/web_console/templates/index.html.erb (144.3ms)
Started GET "/" for ::1 at 2016-09-09 10:29:59 -0400
Processing by ApplicationController#hello as HTML
  Rendering html template
  Rendered html template (0.0ms)
Completed 200 OK in 2ms (Views: 2.1ms | ActiveRecord: 0.0ms)


  [1m[35m (1.5ms)[0m  [1m[35mCREATE TABLE "schema_migrations" ("version" varchar NOT NULL PRIMARY KEY)[0m
  [1m[35m (0.9ms)[0m  [1m[35mCREATE TABLE "ar_internal_metadata" ("key" varchar NOT NULL PRIMARY KEY, "value" varchar, "created_at" datetime NOT NULL, "updated_at" datetime NOT NULL)[0m
  [1m[36mActiveRecord::SchemaMigration Load (0.2ms)[0m  [1m[34mSELECT "schema_migrations".* FROM "schema_migrations"[0m
Migrating to CreateUsers (20160909143131)
  [1m[35m (0.2ms)[0m  [1m[36mbegin transaction[0m
  [1m[35m (0.4ms)[0m  [1m[35mCREATE TABLE "users" ("id" INTEGER PRIMARY KEY AUTOINCREMENT NOT NULL, "name" varchar, "email" varchar, "created_at" datetime NOT NULL, "updated_at" datetime NOT NULL)[0m
  [1m[35mSQL (0.3ms)[0m  [1m[32mINSERT INTO "schema_migrations" ("version") VALUES (?)[0m  [["version", "20160909143131"]]
  [1m[35m (0.8ms)[0m  [1m[36mcommit transaction[0m
  [1m[36mActiveRecord::InternalMetadata Load (0.1ms)[0m  [1m[34mSELECT  "ar_internal_metadata".* FROM "ar_internal_metadata" WHERE "ar_internal_metadata"."key" = ? LIMIT ?[0m  [["key", :environment], ["LIMIT", 1]]
  [1m[35m (0.0ms)[0m  [1m[36mbegin transaction[0m
  [1m[35mSQL (0.4ms)[0m  [1m[32mINSERT INTO "ar_internal_metadata" ("key", "value", "created_at", "updated_at") VALUES (?, ?, ?, ?)[0m  [["key", "environment"], ["value", "development"], ["created_at", 2016-09-09 14:44:22 UTC], ["updated_at", 2016-09-09 14:44:22 UTC]]
  [1m[35m (0.7ms)[0m  [1m[36mcommit transaction[0m
  [1m[36mActiveRecord::SchemaMigration Load (0.1ms)[0m  [1m[34mSELECT "schema_migrations".* FROM "schema_migrations"[0m
Started GET "/" for ::1 at 2016-09-09 10:50:30 -0400
  [1m[36mActiveRecord::SchemaMigration Load (0.6ms)[0m  [1m[34mSELECT "schema_migrations".* FROM "schema_migrations"[0m
Processing by ApplicationController#hello as HTML
  Rendering html template
  Rendered html template (0.0ms)
Completed 200 OK in 17ms (Views: 9.5ms | ActiveRecord: 0.0ms)


  [1m[36mActiveRecord::SchemaMigration Load (0.5ms)[0m  [1m[34mSELECT "schema_migrations".* FROM "schema_migrations"[0m
Migrating to CreateMicroposts (20160909192028)
  [1m[35m (0.1ms)[0m  [1m[36mbegin transaction[0m
  [1m[35m (0.4ms)[0m  [1m[35mCREATE TABLE "microposts" ("id" INTEGER PRIMARY KEY AUTOINCREMENT NOT NULL, "content" text, "user_id" integer, "created_at" datetime NOT NULL, "updated_at" datetime NOT NULL)[0m
  [1m[35mSQL (0.3ms)[0m  [1m[32mINSERT INTO "schema_migrations" ("version") VALUES (?)[0m  [["version", "20160909192028"]]
  [1m[35m (1.1ms)[0m  [1m[36mcommit transaction[0m
  [1m[36mActiveRecord::InternalMetadata Load (0.1ms)[0m  [1m[34mSELECT  "ar_internal_metadata".* FROM "ar_internal_metadata" WHERE "ar_internal_metadata"."key" = ? LIMIT ?[0m  [["key", :environment], ["LIMIT", 1]]
  [1m[35m (0.1ms)[0m  [1m[36mbegin transaction[0m
  [1m[35m (0.2ms)[0m  [1m[36mcommit transaction[0m
  [1m[36mActiveRecord::SchemaMigration Load (0.1ms)[0m  [1m[34mSELECT "schema_migrations".* FROM "schema_migrations"[0m
Started GET "/" for 127.0.0.1 at 2016-09-09 15:37:50 -0400
  [1m[36mActiveRecord::SchemaMigration Load (0.5ms)[0m  [1m[34mSELECT "schema_migrations".* FROM "schema_migrations"[0m
Processing by ApplicationController#hello as HTML
  Rendering html template
  Rendered html template (0.0ms)
Completed 200 OK in 17ms (Views: 8.1ms | ActiveRecord: 0.0ms)


Started GET "/" for 127.0.0.1 at 2016-09-09 15:37:51 -0400
Processing by ApplicationController#hello as HTML
  Rendering html template
  Rendered html template (0.0ms)
Completed 200 OK in 1ms (Views: 0.4ms | ActiveRecord: 0.0ms)


Started GET "/users" for 127.0.0.1 at 2016-09-09 15:38:13 -0400
Processing by UsersController#index as HTML
  Rendering users/index.html.erb within layouts/application
  [1m[36mUser Load (0.6ms)[0m  [1m[34mSELECT "users".* FROM "users"[0m
  Rendered users/index.html.erb within layouts/application (4.1ms)
Completed 200 OK in 830ms (Views: 824.1ms | ActiveRecord: 0.8ms)


Started GET "/users/new" for 127.0.0.1 at 2016-09-09 15:38:17 -0400
Processing by UsersController#new as HTML
  Rendering users/new.html.erb within layouts/application
  Rendered users/_form.html.erb (24.3ms)
  Rendered users/new.html.erb within layouts/application (27.4ms)
Completed 200 OK in 79ms (Views: 68.7ms | ActiveRecord: 0.6ms)


Started POST "/users" for 127.0.0.1 at 2016-09-09 15:38:26 -0400
Processing by UsersController#create as HTML
  Parameters: {"utf8"=>"✓", "authenticity_token"=>"fe/XPu3e/VM/JHVpkxseIW7UjPmQwpl8ysxadt+95sul31TYyOtG6tmux8nXwG8CfDdvL8JcJLOO5mJWBLkMRw==", "user"=>{"name"=>"Chris Zeng", "email"=>"chriszeng@gmail.com"}, "commit"=>"Create User"}
  [1m[35m (0.3ms)[0m  [1m[36mbegin transaction[0m
  [1m[35mSQL (0.9ms)[0m  [1m[32mINSERT INTO "users" ("name", "email", "created_at", "updated_at") VALUES (?, ?, ?, ?)[0m  [["name", "Chris Zeng"], ["email", "chriszeng@gmail.com"], ["created_at", 2016-09-09 19:38:26 UTC], ["updated_at", 2016-09-09 19:38:26 UTC]]
  [1m[35m (0.7ms)[0m  [1m[36mcommit transaction[0m
Redirected to http://localhost:3000/users/1
Completed 302 Found in 10ms (ActiveRecord: 1.9ms)


Started GET "/users/1" for 127.0.0.1 at 2016-09-09 15:38:26 -0400
Processing by UsersController#show as HTML
  Parameters: {"id"=>"1"}
  [1m[36mUser Load (0.2ms)[0m  [1m[34mSELECT  "users".* FROM "users" WHERE "users"."id" = ? LIMIT ?[0m  [["id", 1], ["LIMIT", 1]]
  Rendering users/show.html.erb within layouts/application
  Rendered users/show.html.erb within layouts/application (1.0ms)
Completed 200 OK in 41ms (Views: 34.1ms | ActiveRecord: 0.2ms)


Started GET "/users" for 127.0.0.1 at 2016-09-09 15:38:29 -0400
Processing by UsersController#index as HTML
  Rendering users/index.html.erb within layouts/application
  [1m[36mUser Load (0.5ms)[0m  [1m[34mSELECT "users".* FROM "users"[0m
  Rendered users/index.html.erb within layouts/application (3.8ms)
Completed 200 OK in 39ms (Views: 36.2ms | ActiveRecord: 0.5ms)


Started GET "/users/1" for 127.0.0.1 at 2016-09-09 15:38:34 -0400
Processing by UsersController#show as HTML
  Parameters: {"id"=>"1"}
  [1m[36mUser Load (0.3ms)[0m  [1m[34mSELECT  "users".* FROM "users" WHERE "users"."id" = ? LIMIT ?[0m  [["id", 1], ["LIMIT", 1]]
  Rendering users/show.html.erb within layouts/application
  Rendered users/show.html.erb within layouts/application (0.7ms)
Completed 200 OK in 23ms (Views: 20.9ms | ActiveRecord: 0.3ms)


Started GET "/users" for 127.0.0.1 at 2016-09-09 15:38:36 -0400
Processing by UsersController#index as HTML
  Rendering users/index.html.erb within layouts/application
  [1m[36mUser Load (0.2ms)[0m  [1m[34mSELECT "users".* FROM "users"[0m
  Rendered users/index.html.erb within layouts/application (1.6ms)
Completed 200 OK in 29ms (Views: 27.4ms | ActiveRecord: 0.2ms)


Started GET "/users/new" for 127.0.0.1 at 2016-09-09 15:38:52 -0400
Processing by UsersController#new as HTML
  Rendering users/new.html.erb within layouts/application
  Rendered users/_form.html.erb (2.7ms)
  Rendered users/new.html.erb within layouts/application (4.5ms)
Completed 200 OK in 30ms (Views: 28.3ms | ActiveRecord: 0.0ms)


Started POST "/users" for 127.0.0.1 at 2016-09-09 15:39:02 -0400
Processing by UsersController#create as HTML
  Parameters: {"utf8"=>"✓", "authenticity_token"=>"h/oFh3IqfXfR9/mFP120BXERfY4phjS4r+PwKP6IaTdfyoZhVx/Gzjd9SyV7hsUmY/KeWHsYiXfrycgIJYyDuw==", "user"=>{"name"=>"Cherie Leung", "email"=>"cherieleung@gmail.com"}, "commit"=>"Create User"}
  [1m[35m (0.1ms)[0m  [1m[36mbegin transaction[0m
  [1m[35mSQL (0.3ms)[0m  [1m[32mINSERT INTO "users" ("name", "email", "created_at", "updated_at") VALUES (?, ?, ?, ?)[0m  [["name", "Cherie Leung"], ["email", "cherieleung@gmail.com"], ["created_at", 2016-09-09 19:39:02 UTC], ["updated_at", 2016-09-09 19:39:02 UTC]]
  [1m[35m (0.6ms)[0m  [1m[36mcommit transaction[0m
Redirected to http://localhost:3000/users/2
Completed 302 Found in 4ms (ActiveRecord: 1.0ms)


Started GET "/users/2" for 127.0.0.1 at 2016-09-09 15:39:02 -0400
Processing by UsersController#show as HTML
  Parameters: {"id"=>"2"}
  [1m[36mUser Load (0.2ms)[0m  [1m[34mSELECT  "users".* FROM "users" WHERE "users"."id" = ? LIMIT ?[0m  [["id", 2], ["LIMIT", 1]]
  Rendering users/show.html.erb within layouts/application
  Rendered users/show.html.erb within layouts/application (0.9ms)
Completed 200 OK in 23ms (Views: 21.1ms | ActiveRecord: 0.2ms)


Started GET "/users" for 127.0.0.1 at 2016-09-09 15:39:05 -0400
Processing by UsersController#index as HTML
  Rendering users/index.html.erb within layouts/application
  [1m[36mUser Load (0.2ms)[0m  [1m[34mSELECT "users".* FROM "users"[0m
  Rendered users/index.html.erb within layouts/application (1.6ms)
Completed 200 OK in 29ms (Views: 26.9ms | ActiveRecord: 0.2ms)


Started GET "/users" for 127.0.0.1 at 2016-09-09 15:39:07 -0400
Processing by UsersController#index as HTML
  Rendering users/index.html.erb within layouts/application
  [1m[36mUser Load (0.2ms)[0m  [1m[34mSELECT "users".* FROM "users"[0m
  Rendered users/index.html.erb within layouts/application (1.6ms)
Completed 200 OK in 21ms (Views: 19.4ms | ActiveRecord: 0.2ms)


Started GET "/" for 127.0.0.1 at 2016-09-09 15:39:25 -0400
  [1m[36mActiveRecord::SchemaMigration Load (0.2ms)[0m  [1m[34mSELECT "schema_migrations".* FROM "schema_migrations"[0m
Processing by ApplicationController#hello as HTML
  Rendering html template
  Rendered html template (0.0ms)
Completed 200 OK in 13ms (Views: 5.6ms | ActiveRecord: 0.0ms)


Started GET "/users" for 127.0.0.1 at 2016-09-09 15:39:30 -0400
Processing by UsersController#index as HTML
  Rendering users/index.html.erb within layouts/application
  [1m[36mUser Load (0.2ms)[0m  [1m[34mSELECT "users".* FROM "users"[0m
  Rendered users/index.html.erb within layouts/application (7.8ms)
Completed 200 OK in 209ms (Views: 204.8ms | ActiveRecord: 0.8ms)


Started GET "/microposts" for 127.0.0.1 at 2016-09-09 15:50:29 -0400
Processing by MicropostsController#index as HTML
  Rendering microposts/index.html.erb within layouts/application
  [1m[36mMicropost Load (0.1ms)[0m  [1m[34mSELECT "microposts".* FROM "microposts"[0m
  Rendered microposts/index.html.erb within layouts/application (1.8ms)
Completed 200 OK in 26ms (Views: 21.6ms | ActiveRecord: 0.4ms)


Started GET "/microposts/new" for 127.0.0.1 at 2016-09-09 15:50:32 -0400
Processing by MicropostsController#new as HTML
  Rendering microposts/new.html.erb within layouts/application
  Rendered microposts/_form.html.erb (23.5ms)
  Rendered microposts/new.html.erb within layouts/application (25.7ms)
Completed 200 OK in 60ms (Views: 53.1ms | ActiveRecord: 0.3ms)


Started POST "/microposts" for 127.0.0.1 at 2016-09-09 15:50:48 -0400
Processing by MicropostsController#create as HTML
  Parameters: {"utf8"=>"✓", "authenticity_token"=>"xAWzOWXlmWRg4TFG6IrwEhoNtCikxWf52aauxVrkleUbp+OD5jHCJQc9WuEJQ0xvqpcdk87tdVH6di0fBtjCrw==", "micropost"=>{"content"=>"User 1's post", "user_id"=>"1"}, "commit"=>"Create Micropost"}
  [1m[35m (0.1ms)[0m  [1m[36mbegin transaction[0m
  [1m[35mSQL (0.8ms)[0m  [1m[32mINSERT INTO "microposts" ("content", "user_id", "created_at", "updated_at") VALUES (?, ?, ?, ?)[0m  [["content", "User 1's post"], ["user_id", 1], ["created_at", 2016-09-09 19:50:48 UTC], ["updated_at", 2016-09-09 19:50:48 UTC]]
  [1m[35m (1.3ms)[0m  [1m[36mcommit transaction[0m
Redirected to http://localhost:3000/microposts/1
Completed 302 Found in 10ms (ActiveRecord: 2.2ms)


Started GET "/microposts/1" for 127.0.0.1 at 2016-09-09 15:50:48 -0400
Processing by MicropostsController#show as HTML
  Parameters: {"id"=>"1"}
  [1m[36mMicropost Load (0.2ms)[0m  [1m[34mSELECT  "microposts".* FROM "microposts" WHERE "microposts"."id" = ? LIMIT ?[0m  [["id", 1], ["LIMIT", 1]]
  Rendering microposts/show.html.erb within layouts/application
  Rendered microposts/show.html.erb within layouts/application (0.8ms)
Completed 200 OK in 29ms (Views: 22.4ms | ActiveRecord: 0.2ms)


Started GET "/microposts" for 127.0.0.1 at 2016-09-09 15:50:52 -0400
Processing by MicropostsController#index as HTML
  Rendering microposts/index.html.erb within layouts/application
  [1m[36mMicropost Load (0.1ms)[0m  [1m[34mSELECT "microposts".* FROM "microposts"[0m
  Rendered microposts/index.html.erb within layouts/application (1.6ms)
Completed 200 OK in 28ms (Views: 26.7ms | ActiveRecord: 0.1ms)


Started GET "/microposts/new" for 127.0.0.1 at 2016-09-09 15:50:54 -0400
Processing by MicropostsController#new as HTML
  Rendering microposts/new.html.erb within layouts/application
  Rendered microposts/_form.html.erb (3.9ms)
  Rendered microposts/new.html.erb within layouts/application (5.7ms)
Completed 200 OK in 37ms (Views: 35.1ms | ActiveRecord: 0.0ms)


Started POST "/microposts" for 127.0.0.1 at 2016-09-09 15:51:03 -0400
Processing by MicropostsController#create as HTML
  Parameters: {"utf8"=>"✓", "authenticity_token"=>"g8vb9TRgwjJlIW5FrVK9/OX1lpI+bBWToci2fEsMnLhcaYtPt7SZcwL9BeJMmwGBVW8/KVREBzuCGDWmFzDL8g==", "micropost"=>{"content"=>"User 1's post again", "user_id"=>"1"}, "commit"=>"Create Micropost"}
  [1m[35m (0.1ms)[0m  [1m[36mbegin transaction[0m
  [1m[35mSQL (0.3ms)[0m  [1m[32mINSERT INTO "microposts" ("content", "user_id", "created_at", "updated_at") VALUES (?, ?, ?, ?)[0m  [["content", "User 1's post again"], ["user_id", 1], ["created_at", 2016-09-09 19:51:03 UTC], ["updated_at", 2016-09-09 19:51:03 UTC]]
  [1m[35m (1.9ms)[0m  [1m[36mcommit transaction[0m
Redirected to http://localhost:3000/microposts/2
Completed 302 Found in 10ms (ActiveRecord: 2.2ms)


Started GET "/microposts/2" for 127.0.0.1 at 2016-09-09 15:51:03 -0400
Processing by MicropostsController#show as HTML
  Parameters: {"id"=>"2"}
  [1m[36mMicropost Load (0.1ms)[0m  [1m[34mSELECT  "microposts".* FROM "microposts" WHERE "microposts"."id" = ? LIMIT ?[0m  [["id", 2], ["LIMIT", 1]]
  Rendering microposts/show.html.erb within layouts/application
  Rendered microposts/show.html.erb within layouts/application (0.8ms)
Completed 200 OK in 34ms (Views: 31.7ms | ActiveRecord: 0.1ms)


Started GET "/microposts" for 127.0.0.1 at 2016-09-09 15:51:05 -0400
Processing by MicropostsController#index as HTML
  Rendering microposts/index.html.erb within layouts/application
  [1m[36mMicropost Load (0.1ms)[0m  [1m[34mSELECT "microposts".* FROM "microposts"[0m
  Rendered microposts/index.html.erb within layouts/application (3.4ms)
Completed 200 OK in 42ms (Views: 40.2ms | ActiveRecord: 0.1ms)


Started GET "/microposts/new" for 127.0.0.1 at 2016-09-09 15:51:06 -0400
Processing by MicropostsController#new as HTML
  Rendering microposts/new.html.erb within layouts/application
  Rendered microposts/_form.html.erb (6.3ms)
  Rendered microposts/new.html.erb within layouts/application (8.2ms)
Completed 200 OK in 43ms (Views: 41.2ms | ActiveRecord: 0.0ms)


Started POST "/microposts" for 127.0.0.1 at 2016-09-09 15:51:18 -0400
Processing by MicropostsController#create as HTML
  Parameters: {"utf8"=>"✓", "authenticity_token"=>"RvqG2qYm9fLaDXCNsR7dYhP7jPllA54ReeVq2lGFHxCZWNZgJfKus73RGypQ12Efo2ElQg8rjLlaNekADblIWg==", "micropost"=>{"content"=>"User 2's 1st post", "user_id"=>"2"}, "commit"=>"Create Micropost"}
  [1m[35m (0.1ms)[0m  [1m[36mbegin transaction[0m
  [1m[35mSQL (0.3ms)[0m  [1m[32mINSERT INTO "microposts" ("content", "user_id", "created_at", "updated_at") VALUES (?, ?, ?, ?)[0m  [["content", "User 2's 1st post"], ["user_id", 2], ["created_at", 2016-09-09 19:51:18 UTC], ["updated_at", 2016-09-09 19:51:18 UTC]]
  [1m[35m (2.1ms)[0m  [1m[36mcommit transaction[0m
Redirected to http://localhost:3000/microposts/3
Completed 302 Found in 5ms (ActiveRecord: 2.4ms)


Started GET "/microposts/3" for 127.0.0.1 at 2016-09-09 15:51:18 -0400
Processing by MicropostsController#show as HTML
  Parameters: {"id"=>"3"}
  [1m[36mMicropost Load (0.2ms)[0m  [1m[34mSELECT  "microposts".* FROM "microposts" WHERE "microposts"."id" = ? LIMIT ?[0m  [["id", 3], ["LIMIT", 1]]
  Rendering microposts/show.html.erb within layouts/application
  Rendered microposts/show.html.erb within layouts/application (0.8ms)
Completed 200 OK in 25ms (Views: 22.8ms | ActiveRecord: 0.2ms)


Started GET "/microposts" for 127.0.0.1 at 2016-09-09 15:51:20 -0400
Processing by MicropostsController#index as HTML
  Rendering microposts/index.html.erb within layouts/application
  [1m[36mMicropost Load (0.1ms)[0m  [1m[34mSELECT "microposts".* FROM "microposts"[0m
  Rendered microposts/index.html.erb within layouts/application (1.9ms)
Completed 200 OK in 31ms (Views: 29.1ms | ActiveRecord: 0.1ms)


Started GET "/microposts/new" for 127.0.0.1 at 2016-09-09 15:57:26 -0400
Processing by MicropostsController#new as HTML
  Rendering microposts/new.html.erb within layouts/application
  Rendered microposts/_form.html.erb (5.5ms)
  Rendered microposts/new.html.erb within layouts/application (7.4ms)
Completed 200 OK in 34ms (Views: 32.6ms | ActiveRecord: 0.0ms)


Started POST "/microposts" for 127.0.0.1 at 2016-09-09 15:57:53 -0400
Processing by MicropostsController#create as HTML
  Parameters: {"utf8"=>"✓", "authenticity_token"=>"9mfr0NnFrljw0Ghwtcg5hC+ffnRMCukfd0tcxFfABVopxbtqWhH1GZcMA9dUAYX5nwXXzyYi+7dUm98eC/xSEA==", "micropost"=>{"content"=>"User 2's 2nd post", "user_id"=>"2"}, "commit"=>"Create Micropost"}
  [1m[35m (0.1ms)[0m  [1m[36mbegin transaction[0m
  [1m[35mSQL (0.3ms)[0m  [1m[32mINSERT INTO "microposts" ("content", "user_id", "created_at", "updated_at") VALUES (?, ?, ?, ?)[0m  [["content", "User 2's 2nd post"], ["user_id", 2], ["created_at", 2016-09-09 19:57:53 UTC], ["updated_at", 2016-09-09 19:57:53 UTC]]
  [1m[35m (2.1ms)[0m  [1m[36mcommit transaction[0m
Redirected to http://localhost:3000/microposts/4
Completed 302 Found in 5ms (ActiveRecord: 2.4ms)


Started GET "/microposts/4" for 127.0.0.1 at 2016-09-09 15:57:53 -0400
Processing by MicropostsController#show as HTML
  Parameters: {"id"=>"4"}
  [1m[36mMicropost Load (0.1ms)[0m  [1m[34mSELECT  "microposts".* FROM "microposts" WHERE "microposts"."id" = ? LIMIT ?[0m  [["id", 4], ["LIMIT", 1]]
  Rendering microposts/show.html.erb within layouts/application
  Rendered microposts/show.html.erb within layouts/application (0.7ms)
Completed 200 OK in 24ms (Views: 21.9ms | ActiveRecord: 0.1ms)


Started GET "/" for 127.0.0.1 at 2016-09-09 15:58:13 -0400
Processing by ApplicationController#hello as HTML
  Rendering html template
  Rendered html template (0.0ms)
Completed 200 OK in 1ms (Views: 0.6ms | ActiveRecord: 0.0ms)


Started GET "/" for 127.0.0.1 at 2016-09-09 15:58:16 -0400
Processing by ApplicationController#hello as HTML
  Rendering html template
  Rendered html template (0.0ms)
Completed 200 OK in 1ms (Views: 0.3ms | ActiveRecord: 0.0ms)


Started GET "/microposts" for 127.0.0.1 at 2016-09-09 15:58:20 -0400
Processing by MicropostsController#index as HTML
  Rendering microposts/index.html.erb within layouts/application
  [1m[36mMicropost Load (0.2ms)[0m  [1m[34mSELECT "microposts".* FROM "microposts"[0m
  Rendered microposts/index.html.erb within layouts/application (2.1ms)
Completed 200 OK in 26ms (Views: 24.0ms | ActiveRecord: 0.2ms)


Started GET "/microposts/new" for 127.0.0.1 at 2016-09-09 15:58:52 -0400
Processing by MicropostsController#new as HTML
  Rendering microposts/new.html.erb within layouts/application
  Rendered microposts/_form.html.erb (4.3ms)
  Rendered microposts/new.html.erb within layouts/application (6.1ms)
Completed 200 OK in 31ms (Views: 29.1ms | ActiveRecord: 0.0ms)


Started POST "/microposts" for 127.0.0.1 at 2016-09-09 15:58:53 -0400
Processing by MicropostsController#create as HTML
  Parameters: {"utf8"=>"✓", "authenticity_token"=>"QmhhMsvzvAm6fLOBDb0tSpGRGdP6Or1ubo44ALKwMX2dyjGISCfnSN2g2CbsdJE3IQuwaJASr8ZNXrva7oxmNw==", "micropost"=>{"content"=>"", "user_id"=>""}, "commit"=>"Create Micropost"}
  [1m[35m (0.1ms)[0m  [1m[36mbegin transaction[0m
  [1m[35mSQL (0.3ms)[0m  [1m[32mINSERT INTO "microposts" ("content", "created_at", "updated_at") VALUES (?, ?, ?)[0m  [["content", ""], ["created_at", 2016-09-09 19:58:53 UTC], ["updated_at", 2016-09-09 19:58:53 UTC]]
  [1m[35m (2.0ms)[0m  [1m[36mcommit transaction[0m
Redirected to http://localhost:3000/microposts/5
Completed 302 Found in 5ms (ActiveRecord: 2.3ms)


Started GET "/microposts/5" for 127.0.0.1 at 2016-09-09 15:58:53 -0400
Processing by MicropostsController#show as HTML
  Parameters: {"id"=>"5"}
  [1m[36mMicropost Load (0.1ms)[0m  [1m[34mSELECT  "microposts".* FROM "microposts" WHERE "microposts"."id" = ? LIMIT ?[0m  [["id", 5], ["LIMIT", 1]]
  Rendering microposts/show.html.erb within layouts/application
  Rendered microposts/show.html.erb within layouts/application (1.2ms)
Completed 200 OK in 28ms (Views: 25.9ms | ActiveRecord: 0.1ms)


Started GET "/microposts" for 127.0.0.1 at 2016-09-09 15:58:55 -0400
Processing by MicropostsController#index as HTML
  Rendering microposts/index.html.erb within layouts/application
  [1m[36mMicropost Load (0.2ms)[0m  [1m[34mSELECT "microposts".* FROM "microposts"[0m
  Rendered microposts/index.html.erb within layouts/application (2.4ms)
Completed 200 OK in 29ms (Views: 27.6ms | ActiveRecord: 0.2ms)


Started DELETE "/microposts/5" for 127.0.0.1 at 2016-09-09 15:59:00 -0400
Processing by MicropostsController#destroy as HTML
  Parameters: {"authenticity_token"=>"kJHucBEFg1sg6jflRdRZ1GMWk4e060z90OlKUqgadhH9LNyeF5cPXlGmTQrUAXFM8jqFLtfm4SI9XvZlKBQegg==", "id"=>"5"}
  [1m[36mMicropost Load (0.1ms)[0m  [1m[34mSELECT  "microposts".* FROM "microposts" WHERE "microposts"."id" = ? LIMIT ?[0m  [["id", 5], ["LIMIT", 1]]
  [1m[35m (0.0ms)[0m  [1m[36mbegin transaction[0m
  [1m[35mSQL (0.2ms)[0m  [1m[31mDELETE FROM "microposts" WHERE "microposts"."id" = ?[0m  [["id", 5]]
  [1m[35m (0.8ms)[0m  [1m[36mcommit transaction[0m
Redirected to http://localhost:3000/microposts
Completed 302 Found in 3ms (ActiveRecord: 1.1ms)


Started GET "/microposts" for 127.0.0.1 at 2016-09-09 15:59:00 -0400
Processing by MicropostsController#index as HTML
  Rendering microposts/index.html.erb within layouts/application
  [1m[36mMicropost Load (0.2ms)[0m  [1m[34mSELECT "microposts".* FROM "microposts"[0m
  Rendered microposts/index.html.erb within layouts/application (2.0ms)
Completed 200 OK in 23ms (Views: 21.5ms | ActiveRecord: 0.2ms)


Started GET "/microposts/new" for 127.0.0.1 at 2016-09-09 16:29:59 -0400
Processing by MicropostsController#new as HTML
  Rendering microposts/new.html.erb within layouts/application
  Rendered microposts/_form.html.erb (2.4ms)
  Rendered microposts/new.html.erb within layouts/application (4.4ms)
Completed 200 OK in 51ms (Views: 39.2ms | ActiveRecord: 0.8ms)


Started POST "/microposts" for 127.0.0.1 at 2016-09-09 16:30:06 -0400
Processing by MicropostsController#create as HTML
  Parameters: {"utf8"=>"✓", "authenticity_token"=>"RJPuJk5rlNvLKQfZ2bkKoFBziW7bzJbfS11Z8gG1gNWbMb6czb/Pmqz1bH44cLbd4Okg1bHkhHdojdooXYnXnw==", "micropost"=>{"content"=>"Lorem ipsum dolor sit amet, consectetur adipisicing elit. Rerum debitis sapiente dolorem ipsam porro soluta itaque corrupti quis quisquam optio. Itaque aperiam, praesentium eligendi deleniti dolorum ut corporis expedita enim cumque eos, sint et magni possimus! Eum iusto suscipit dolore deserunt ducimus illum similique eveniet praesentium ipsam, quod quae veritatis dignissimos delectus iste facere molestiae ipsa qui earum commodi exercitationem, saepe. Perspiciatis corporis dignissimos ipsam reiciendis quasi dolore sit sapiente fuga dolores voluptatum iusto consequuntur, tempore, veniam soluta adipisci excepturi velit quod qui ipsum laborum non quibusdam, nemo dolor asperiores fugiat. Recusandae a perferendis ea consequuntur facilis culpa, ipsam ducimus consequatur distinctio iste, sit cum tenetur, veritatis corporis ab accusantium praesentium iusto, delectus sed provident est accusamus aliquam quas non! Eos minima dolorem placeat non enim voluptates nesciunt sunt optio sequi architecto, ex voluptatum itaque corrupti, ducimus qui in aut dolorum dignissimos doloremque, dolores repellendus autem sed exercitationem. Velit eos, provident, autem architecto inventore facilis voluptates repellat consectetur sint obcaecati consequatur cupiditate qui, at quaerat dolorem illum beatae aspernatur modi. Dolorum quia unde voluptates dolorem porro fugit necessitatibus repellendus quis sapiente placeat atque quod ipsa alias quae animi dolore, at accusantium culpa amet hic voluptas voluptatem suscipit vero aspernatur. Numquam ullam fugiat eligendi hic veritatis, voluptas vitae ad deserunt, explicabo dicta molestias atque maxime repellat sequi veniam! Consequatur suscipit neque aut fuga quisquam perferendis sit vero facilis ad. Ut quia, recusandae laudantium repellat ipsa aut quod dolores neque eaque cumque dolorem vero aspernatur veritatis. Eligendi temporibus fugiat placeat dolores distinctio est perferendis, debitis, accusamus ducimus cum iste veniam amet rerum. Enim doloremque impedit magnam ratione nisi officia voluptatum aliquam sed praesentium, dolores. Provident minus voluptates nesciunt consequuntur itaque sint repudiandae esse amet, optio praesentium soluta, porro! Veritatis eum suscipit commodi est aliquid esse molestias in, aut ad, laboriosam quibusdam saepe.", "user_id"=>"1"}, "commit"=>"Create Micropost"}
  [1m[35m (0.1ms)[0m  [1m[36mbegin transaction[0m
  [1m[35m (0.1ms)[0m  [1m[31mrollback transaction[0m
  Rendering microposts/new.html.erb within layouts/application
  Rendered microposts/_form.html.erb (2.2ms)
  Rendered microposts/new.html.erb within layouts/application (3.8ms)
Completed 200 OK in 36ms (Views: 25.9ms | ActiveRecord: 0.1ms)


Started GET "/microposts" for 127.0.0.1 at 2016-09-09 16:30:12 -0400
Processing by MicropostsController#index as HTML
  Rendering microposts/index.html.erb within layouts/application
  [1m[36mMicropost Load (0.3ms)[0m  [1m[34mSELECT "microposts".* FROM "microposts"[0m
  Rendered microposts/index.html.erb within layouts/application (4.0ms)
Completed 200 OK in 32ms (Views: 28.6ms | ActiveRecord: 0.3ms)


Started GET "/microposts/new" for 127.0.0.1 at 2016-09-09 16:30:24 -0400
Processing by MicropostsController#new as HTML
  Rendering microposts/new.html.erb within layouts/application
  Rendered microposts/_form.html.erb (4.2ms)
  Rendered microposts/new.html.erb within layouts/application (6.2ms)
Completed 200 OK in 32ms (Views: 30.4ms | ActiveRecord: 0.0ms)


Started POST "/microposts" for 127.0.0.1 at 2016-09-09 16:30:28 -0400
Processing by MicropostsController#create as HTML
  Parameters: {"utf8"=>"✓", "authenticity_token"=>"w1KcpAIgrA0LZGpgjnQ2oeJSjBg6O4qvwBjWwULccsYc8MwegfT3TGy4AcdvvYrcUsglo1ATmAfjyFUbHuAljA==", "micropost"=>{"content"=>"Lorem ipsum dolor sit amet, consectetur adipisicing elit. Doloribus rem et itaque autem modi est minus accusamus voluptatum magnam iure neque, nostrum, beatae corrupti. Beatae quia quaerat culpa consequatur, neque rerum. Aperiam cum voluptate reiciendis perspiciatis quisquam consequatur modi eos quia dolor error! Sunt culpa nostrum dolor beatae sit quos vitae sapiente, est quidem, aliquam, autem debitis ipsam eaque fuga minima rem labore in nulla! Aspernatur cupiditate doloremque provident recusandae consequatur, accusamus ab ut corporis harum dicta, similique, omnis placeat eius repellendus ad nulla ex atque nostrum. Excepturi impedit distinctio, libero accusantium! Perferendis, perspiciatis. Delectus doloremque neque beatae quas, expedita debitis itaque architecto vel accusantium rem dolor nobis aperiam eum cupiditate velit sunt maxime mollitia recusandae perferendis eveniet! Id autem, enim nisi nemo libero sed expedita aut ab odio repellendus voluptatum sit tempore. Obcaecati, odit, quos. Sunt cum tempore ab.", "user_id"=>"1"}, "commit"=>"Create Micropost"}
  [1m[35m (0.1ms)[0m  [1m[36mbegin transaction[0m
  [1m[35m (0.0ms)[0m  [1m[31mrollback transaction[0m
  Rendering microposts/new.html.erb within layouts/application
  Rendered microposts/_form.html.erb (2.7ms)
  Rendered microposts/new.html.erb within layouts/application (4.3ms)
Completed 200 OK in 28ms (Views: 25.7ms | ActiveRecord: 0.1ms)


Started GET "/microposts" for 127.0.0.1 at 2016-09-09 16:30:32 -0400
Processing by MicropostsController#index as HTML
  Rendering microposts/index.html.erb within layouts/application
  [1m[36mMicropost Load (0.2ms)[0m  [1m[34mSELECT "microposts".* FROM "microposts"[0m
  Rendered microposts/index.html.erb within layouts/application (3.1ms)
Completed 200 OK in 29ms (Views: 27.0ms | ActiveRecord: 0.2ms)


Started GET "/microposts/new" for 127.0.0.1 at 2016-09-09 16:30:33 -0400
Processing by MicropostsController#new as HTML
  Rendering microposts/new.html.erb within layouts/application
  Rendered microposts/_form.html.erb (3.8ms)
  Rendered microposts/new.html.erb within layouts/application (5.7ms)
Completed 200 OK in 34ms (Views: 31.9ms | ActiveRecord: 0.0ms)


Started POST "/microposts" for 127.0.0.1 at 2016-09-09 16:30:38 -0400
Processing by MicropostsController#create as HTML
  Parameters: {"utf8"=>"✓", "authenticity_token"=>"qRUhnHOKH8xVAF385/eTfgHZYJ7rsLtliQZghVyEUkd2t3Em8F5EjTLcNlsGPi8DsUPJJYGYqc2q1uNfALgFDQ==", "micropost"=>{"content"=>"Lorem ipsum dolor sit amet, consectetur adipisicing elit. Doloribus rem et itaque autem modi est minus accusamus voluptatum magnam iure neque, nostrum, beatae corrupti. Beatae quia quaerat culpa consequatur, neque rerum. Aperiam cum voluptate reiciendis perspiciatis quisquam consequatur modi eos quia dolor error! Sunt culpa nostrum dolor beatae sit quos vitae sapiente, est quidem, aliquam, autem debitis ipsam eaque fuga minima rem labore in nulla! Aspernatur cupiditate doloremque provident recusandae consequatur, accusamus ab ut corporis harum dicta, similique, omnis placeat eius repellendus ad nulla ex atque nostrum. Excepturi impedit distinctio, libero accusantium! Perferendis, perspiciatis. Delectus doloremque neque beatae quas, expedita debitis itaque architecto vel accusantium rem dolor nobis aperiam eum cupiditate velit sunt maxime mollitia recusandae perferendis eveniet! Id autem, enim nisi nemo libero sed expedita aut ab odio repellendus voluptatum sit tempore. Obcaecati, odit, quos. Sunt cum tempore ab", "user_id"=>"1"}, "commit"=>"Create Micropost"}
  [1m[35m (0.1ms)[0m  [1m[36mbegin transaction[0m
  [1m[35m (0.1ms)[0m  [1m[31mrollback transaction[0m
  Rendering microposts/new.html.erb within layouts/application
  Rendered microposts/_form.html.erb (2.3ms)
  Rendered microposts/new.html.erb within layouts/application (3.9ms)
Completed 200 OK in 28ms (Views: 25.3ms | ActiveRecord: 0.1ms)


Started POST "/microposts" for 127.0.0.1 at 2016-09-09 16:30:48 -0400
Processing by MicropostsController#create as HTML
  Parameters: {"utf8"=>"✓", "authenticity_token"=>"cSW2eya/UhOVwUHcVHUOq1H6AC5SL3f7TjCnFJVbSVUcmISVIC3eFuSNOzPFoCYzwNYWhzEi2iSjhxsjFVUhxg==", "micropost"=>{"content"=>"sadfasdfasdfasdfas", "user_id"=>"1"}, "commit"=>"Create Micropost"}
  [1m[35m (0.1ms)[0m  [1m[36mbegin transaction[0m
  [1m[35mSQL (0.3ms)[0m  [1m[32mINSERT INTO "microposts" ("content", "user_id", "created_at", "updated_at") VALUES (?, ?, ?, ?)[0m  [["content", "sadfasdfasdfasdfas"], ["user_id", 1], ["created_at", 2016-09-09 20:30:48 UTC], ["updated_at", 2016-09-09 20:30:48 UTC]]
  [1m[35m (1.8ms)[0m  [1m[36mcommit transaction[0m
Redirected to http://localhost:3000/microposts/6
Completed 302 Found in 5ms (ActiveRecord: 2.3ms)


Started GET "/microposts/6" for 127.0.0.1 at 2016-09-09 16:30:48 -0400
Processing by MicropostsController#show as HTML
  Parameters: {"id"=>"6"}
  [1m[36mMicropost Load (0.2ms)[0m  [1m[34mSELECT  "microposts".* FROM "microposts" WHERE "microposts"."id" = ? LIMIT ?[0m  [["id", 6], ["LIMIT", 1]]
  Rendering microposts/show.html.erb within layouts/application
  Rendered microposts/show.html.erb within layouts/application (0.8ms)
Completed 200 OK in 25ms (Views: 21.8ms | ActiveRecord: 0.2ms)


Started GET "/microposts" for 127.0.0.1 at 2016-09-09 16:30:50 -0400
Processing by MicropostsController#index as HTML
  Rendering microposts/index.html.erb within layouts/application
  [1m[36mMicropost Load (0.2ms)[0m  [1m[34mSELECT "microposts".* FROM "microposts"[0m
  Rendered microposts/index.html.erb within layouts/application (3.0ms)
Completed 200 OK in 34ms (Views: 32.5ms | ActiveRecord: 0.2ms)


  [1m[36mUser Load (0.2ms)[0m  [1m[34mSELECT  "users".* FROM "users" ORDER BY "users"."id" ASC LIMIT ?[0m  [["LIMIT", 1]]
  [1m[36mMicropost Load (0.2ms)[0m  [1m[34mSELECT "microposts".* FROM "microposts" WHERE "microposts"."user_id" = ?[0m  [["user_id", 1]]
